<testsuites>
  <testsuite name="pytest" tests="3" failures="0" errors="0" skipped="0">
    <testcase classname="test_example" name="test_1" time="0.001"/>
    <testcase classname="test_example" name="test_2" time="0.002"/>
    <testcase classname="test_example" name="test_3" time="0.003"/>
  </testsuite>
</testsuites>